<?xml version="1.0" encoding="UTF-8"?>
<!-- Generated by org.testng.reporters.JUnitReportReporter -->
<testsuite hostname="DESKTOP-8MBRH86" failures="0" tests="3" name="Tasks.task1" time="0.620" errors="0" timestamp="2023-02-08T13:42:57 BDT" skipped="0">
  <testcase classname="Tasks.task1" name="Comments" time="0.143"/>
  <system-out/>
  <testcase classname="Tasks.task1" name="FirstName" time="0.324"/>
  <system-out/>
  <testcase classname="Tasks.task1" name="LastName" time="0.153"/>
  <system-out/>
</testsuite> <!-- Tasks.task1 -->
