<?xml version="1.0" encoding="UTF-8"?>
<!-- Generated by org.testng.reporters.JUnitReportReporter -->
<testsuite hostname="DESKTOP-8MBRH86" failures="0" tests="1" name="NEW.today" time="0.003" errors="0" timestamp="2023-02-08T13:42:57 BDT" skipped="0">
  <testcase classname="NEW.today" name="todaytest2nd" time="0.003"/>
  <system-out/>
</testsuite> <!-- NEW.today -->
