<?xml version="1.0" encoding="UTF-8"?>
<!-- Generated by org.testng.reporters.JUnitReportReporter -->
<testsuite hostname="DESKTOP-8MBRH86" failures="0" tests="5" name="Tasks.task" time="3.206" errors="0" timestamp="2023-02-08T13:42:57 BDT" skipped="0">
  <testcase classname="Tasks.task" name="setBaseurl" time="2.581"/>
  <system-out/>
  <testcase classname="Tasks.task" name="EmailAddress" time="0.182"/>
  <system-out/>
  <testcase classname="Tasks.task" name="Comments" time="0.136"/>
  <system-out/>
  <testcase classname="Tasks.task" name="FirstName" time="0.134"/>
  <system-out/>
  <testcase classname="Tasks.task" name="LastName" time="0.173"/>
  <system-out/>
</testsuite> <!-- Tasks.task -->
